2025-06-19 13:45:30 [INFO] alembic.runtime.migration: Context impl PostgresqlImpl.
2025-06-19 13:45:30 [INFO] alembic.runtime.migration: Will assume transactional DDL.
2025-06-19 13:45:30 [INFO] alembic.autogenerate.compare: Detected added table 'users'
2025-06-19 13:45:30 [INFO] alembic.autogenerate.compare: Detected added index 'idx_user_created_at' on '('created_at',)'
2025-06-19 13:45:30 [INFO] alembic.autogenerate.compare: Detected added index 'idx_user_email_lower' on '('email',)'
2025-06-19 13:45:30 [INFO] alembic.autogenerate.compare: Detected added index 'idx_user_role' on '('role',)'
2025-06-19 13:45:30 [INFO] alembic.autogenerate.compare: Detected added index 'idx_user_status' on '('is_active', 'is_verified')'
2025-06-19 13:45:30 [INFO] alembic.autogenerate.compare: Detected added index 'idx_user_username_lower' on '('username',)'
2025-06-19 13:45:30 [INFO] alembic.autogenerate.compare: Detected added index 'ix_users_email' on '('email',)'
2025-06-19 13:45:30 [INFO] alembic.autogenerate.compare: Detected added index 'ix_users_external_id' on '('external_id',)'
2025-06-19 13:45:30 [INFO] alembic.autogenerate.compare: Detected added index 'ix_users_id' on '('id',)'
2025-06-19 13:45:30 [INFO] alembic.autogenerate.compare: Detected added index 'ix_users_username' on '('username',)'
2025-06-19 13:45:30 [INFO] alembic.autogenerate.compare: Detected added table 'auth_tokens'
2025-06-19 13:45:30 [INFO] alembic.autogenerate.compare: Detected added index 'idx_auth_token_expires' on '('expires_at',)'
2025-06-19 13:45:30 [INFO] alembic.autogenerate.compare: Detected added index 'idx_auth_token_user_device' on '('user_id', 'device_id')'
2025-06-19 13:45:30 [INFO] alembic.autogenerate.compare: Detected added index 'idx_auth_token_user_status' on '('user_id', 'is_revoked')'
2025-06-19 13:45:30 [INFO] alembic.autogenerate.compare: Detected added index 'ix_auth_tokens_created_at' on '('created_at',)'
2025-06-19 13:45:30 [INFO] alembic.autogenerate.compare: Detected added index 'ix_auth_tokens_device_id' on '('device_id',)'
2025-06-19 13:45:30 [INFO] alembic.autogenerate.compare: Detected added index 'ix_auth_tokens_expires_at' on '('expires_at',)'
2025-06-19 13:45:30 [INFO] alembic.autogenerate.compare: Detected added index 'ix_auth_tokens_id' on '('id',)'
2025-06-19 13:45:30 [INFO] alembic.autogenerate.compare: Detected added index 'ix_auth_tokens_is_revoked' on '('is_revoked',)'
2025-06-19 13:45:30 [INFO] alembic.autogenerate.compare: Detected added index 'ix_auth_tokens_refresh_token' on '('refresh_token',)'
2025-06-19 13:45:30 [INFO] alembic.autogenerate.compare: Detected added index 'ix_auth_tokens_token' on '('token',)'
2025-06-19 13:45:30 [INFO] alembic.autogenerate.compare: Detected added index 'ix_auth_tokens_user_id' on '('user_id',)'
2025-06-19 13:45:30 [INFO] alembic.autogenerate.compare: Detected added table 'conversations'
2025-06-19 13:45:30 [INFO] alembic.autogenerate.compare: Detected added index 'ix_conversations_id' on '('id',)'
2025-06-19 13:45:30 [INFO] alembic.autogenerate.compare: Detected added index 'ix_conversations_user_id' on '('user_id',)'
2025-06-19 13:45:30 [INFO] alembic.autogenerate.compare: Detected added table 'documents'
2025-06-19 13:45:30 [INFO] alembic.autogenerate.compare: Detected added index 'ix_documents_id' on '('id',)'
2025-06-19 13:45:30 [INFO] alembic.autogenerate.compare: Detected added index 'ix_documents_user_id' on '('user_id',)'
2025-06-19 13:45:30 [INFO] alembic.autogenerate.compare: Detected added index 'ix_documents_weaviate_id' on '('weaviate_id',)'
2025-06-19 13:45:30 [INFO] alembic.autogenerate.compare: Detected added table 'login_history'
2025-06-19 13:45:30 [INFO] alembic.autogenerate.compare: Detected added index 'idx_login_history_created_at' on '('created_at',)'
2025-06-19 13:45:30 [INFO] alembic.autogenerate.compare: Detected added index 'idx_login_history_device' on '('device_id', 'user_id')'
2025-06-19 13:45:30 [INFO] alembic.autogenerate.compare: Detected added index 'idx_login_history_user_status' on '('user_id', 'status')'
2025-06-19 13:45:30 [INFO] alembic.autogenerate.compare: Detected added index 'ix_login_history_created_at' on '('created_at',)'
2025-06-19 13:45:30 [INFO] alembic.autogenerate.compare: Detected added index 'ix_login_history_device_id' on '('device_id',)'
2025-06-19 13:45:30 [INFO] alembic.autogenerate.compare: Detected added index 'ix_login_history_expires_at' on '('expires_at',)'
2025-06-19 13:45:30 [INFO] alembic.autogenerate.compare: Detected added index 'ix_login_history_id' on '('id',)'
2025-06-19 13:45:30 [INFO] alembic.autogenerate.compare: Detected added index 'ix_login_history_status' on '('status',)'
2025-06-19 13:45:30 [INFO] alembic.autogenerate.compare: Detected added index 'ix_login_history_user_id' on '('user_id',)'
2025-06-19 13:45:30 [INFO] alembic.autogenerate.compare: Detected added table 'user_followers'
2025-06-19 13:45:30 [INFO] alembic.autogenerate.compare: Detected added table 'messages'
2025-06-19 13:45:30 [INFO] alembic.autogenerate.compare: Detected added index 'ix_messages_id' on '('id',)'
2025-06-19 13:45:31 [INFO] alembic.runtime.migration: Context impl PostgresqlImpl.
2025-06-19 13:45:31 [INFO] alembic.runtime.migration: Will assume transactional DDL.
2025-06-19 13:45:31 [INFO] alembic.runtime.migration: Running upgrade  -> initial, Add authentication models (User, AuthToken, LoginHistory)
2025-06-19 13:46:22 [INFO] alembic.runtime.migration: Context impl PostgresqlImpl.
2025-06-19 13:46:22 [INFO] alembic.runtime.migration: Will assume transactional DDL.
